  LexDiff.cxx
  Accessor.cxx
  CharacterCategory.cxx
  CharacterSet.cxx
  LexerBase.cxx
  LexerModule.cxx
  LexerNoExceptions.cxx
  LexerSimple.cxx
  PropSetSimple.cxx
  StyleContext.cxx
  WordList.cxx
  AutoComplete.cxx
  CallTip.cxx
  CaseConvert.cxx
  CaseFolder.cxx
  Catalogue.cxx
  CellBuffer.cxx
  CharClassify.cxx
  ContractionState.cxx
  Decoration.cxx
  Document.cxx
  EditModel.cxx
  Editor.cxx
  EditView.cxx
  ExternalLexer.cxx
  Indicator.cxx
  KeyMap.cxx
  LineMarker.cxx
  MarginView.cxx
  PerLine.cxx
  PositionCache.cxx
  RESearch.cxx
  RunStyles.cxx
  ScintillaBase.cxx
  Selection.cxx
  Style.cxx
  UniConversion.cxx
  ViewStyle.cxx
  XPM.cxx
  HanjaDic.cxx
  PlatWin.cxx
  ScintillaWin.cxx
  Scintilla.vcxproj -> C:\Users\maste\Downloads\commitmonitor-code-r1153-trunk\ext\scintilla\obj\Release_Win32\Scintilla.lib
