C:\Program Files (x86)\Microsoft Visual Studio\2019\Community\MSBuild\Microsoft\VC\v160\Microsoft.CppBuild.targets(477,5): warning MSB8004: Output Directory does not end with a trailing slash.  This build instance will add the slash as it is required to allow proper evaluation of the Output Directory.
  apr_atomic.c
  dso.c
  apr_escape.c
  copy.c
  fileacc.c
  filepath_util.c
  fullrw.c
  mktemp.c
  tempdir.c
  buffer.c
  dir.c
  filedup.c
  filepath.c
  filestat.c
  filesys.c
  flock.c
  open.c
  pipe.c
  readwrite.c
  seek.c
  Generating Code...
  Compiling...
  proc_mutex.c
  thread_cond.c
  thread_mutex.c
  thread_rwlock.c
  apr_pools.c
  errorcodes.c
  getopt.c
  otherchild.c
  version.c
  charset.c
  env.c
  internal.c
  misc.c
  rand.c
  start.c
  utf8.c
  common.c
  mmap.c
  inet_ntop.c
  inet_pton.c
  Generating Code...
  Compiling...
  multicast.c
  sockaddr.c
  socket_util.c
  sendrecv.c
  sockets.c
  sockopt.c
  apr_getpass.c
  poll.c
  pollcb.c
  pollset.c
  select.c
  apr_random.c
  sha2.c
  sha2_glue.c
  shm.c
  apr_cpystrn.c
  apr_fnmatch.c
  apr_snprintf.c
  apr_strings.c
  apr_strnatcmp.c
  Generating Code...
  Compiling...
  apr_strtok.c
  apr_hash.c
  apr_skiplist.c
  apr_tables.c
  proc.c
  signals.c
  thread.c
  threadpriv.c
  time.c
  timestr.c
  groupinfo.c
  userinfo.c
  Generating Code...
  libapr.vcxproj -> C:\Users\maste\Downloads\commitmonitor-code-r1153-trunk\ext\apr\Debug_Win32\libapr.lib
  Embed .manifest
